ERROR:app:\u274c \u041e\u0448\u0438\u0431\u043a\u0430 \u043f\u0440\u0438 \u044d\u043a\u0441\u043f\u043e\u0440\u0442\u0435 \u0434\u0430\u043d\u043d\u044b\u0445
Traceback (most recent call last):
  File "C:\inetpub\wwwroot\Production\app.py", line 214, in export_excel
    with pd.ExcelWriter(output, engine='xlsxwriter') as writer:
         ~~~~~~~~~~~~~~^^^^^^^^^^^^^^^^^^^^^^^^^^^^^
  File "C:\Python\Lib\site-packages\pandas\io\excel\_xlsxwriter.py", line 197, in __init__
    from xlsxwriter import Workbook
ModuleNotFoundError: No module named 'xlsxwriter'
ERROR:app:\u274c \u041e\u0448\u0438\u0431\u043a\u0430 \u043f\u0440\u0438 \u044d\u043a\u0441\u043f\u043e\u0440\u0442\u0435 \u0434\u0430\u043d\u043d\u044b\u0445
Traceback (most recent call last):
  File "C:\inetpub\wwwroot\Production\app.py", line 214, in export_excel
    with pd.ExcelWriter(output, engine='xlsxwriter') as writer:
         ~~~~~~~~~~~~~~^^^^^^^^^^^^^^^^^^^^^^^^^^^^^
  File "C:\Python\Lib\site-packages\pandas\io\excel\_xlsxwriter.py", line 197, in __init__
    from xlsxwriter import Workbook
ModuleNotFoundError: No module named 'xlsxwriter'
ERROR:app:\u274c \u041e\u0448\u0438\u0431\u043a\u0430 \u043f\u0440\u0438 \u044d\u043a\u0441\u043f\u043e\u0440\u0442\u0435 \u0434\u0430\u043d\u043d\u044b\u0445
Traceback (most recent call last):
  File "C:\inetpub\wwwroot\Production\app.py", line 214, in export_excel
    with pd.ExcelWriter(output, engine='xlsxwriter') as writer:
         ~~~~~~~~~~~~~~^^^^^^^^^^^^^^^^^^^^^^^^^^^^^
  File "C:\Python\Lib\site-packages\pandas\io\excel\_xlsxwriter.py", line 197, in __init__
    from xlsxwriter import Workbook
ModuleNotFoundError: No module named 'xlsxwriter'
ERROR:app:\u274c \u041e\u0448\u0438\u0431\u043a\u0430 \u043f\u0440\u0438 \u044d\u043a\u0441\u043f\u043e\u0440\u0442\u0435 \u0434\u0430\u043d\u043d\u044b\u0445
Traceback (most recent call last):
  File "C:\inetpub\wwwroot\Production\app.py", line 214, in export_excel
    with pd.ExcelWriter(output, engine='xlsxwriter') as writer:
         ~~~~~~~~~~~~~~^^^^^^^^^^^^^^^^^^^^^^^^^^^^^
  File "C:\Python\Lib\site-packages\pandas\io\excel\_xlsxwriter.py", line 197, in __init__
    from xlsxwriter import Workbook
ModuleNotFoundError: No module named 'xlsxwriter'
ERROR:app:\u274c \u041e\u0448\u0438\u0431\u043a\u0430 \u043f\u0440\u0438 \u044d\u043a\u0441\u043f\u043e\u0440\u0442\u0435 \u0434\u0430\u043d\u043d\u044b\u0445
Traceback (most recent call last):
  File "C:\inetpub\wwwroot\Production\app.py", line 214, in export_excel
    df.to_excel(file_path, index=False)
    ~~~~~~~~~~~^^^^^^^^^^^^^^^^^^^^^^^^
  File "C:\Python\Lib\site-packages\pandas\util\_decorators.py", line 333, in wrapper
    return func(*args, **kwargs)
  File "C:\Python\Lib\site-packages\pandas\core\generic.py", line 2417, in to_excel
    formatter.write(
    ~~~~~~~~~~~~~~~^
        excel_writer,
        ^^^^^^^^^^^^^
    ...<6 lines>...
        engine_kwargs=engine_kwargs,
        ^^^^^^^^^^^^^^^^^^^^^^^^^^^^
    )
    ^
  File "C:\Python\Lib\site-packages\pandas\io\formats\excel.py", line 943, in write
    writer = ExcelWriter(
        writer,
    ...<2 lines>...
        engine_kwargs=engine_kwargs,
    )
  File "C:\Python\Lib\site-packages\pandas\io\excel\_openpyxl.py", line 57, in __init__
    from openpyxl.workbook import Workbook
ModuleNotFoundError: No module named 'openpyxl'
ERROR:app:\u274c \u041e\u0448\u0438\u0431\u043a\u0430 \u043f\u0440\u0438 \u044d\u043a\u0441\u043f\u043e\u0440\u0442\u0435 \u0434\u0430\u043d\u043d\u044b\u0445
Traceback (most recent call last):
  File "C:\inetpub\wwwroot\Production\app.py", line 214, in export_excel
    df.to_excel(file_path, index=False)
    ~~~~~~~~~~~^^^^^^^^^^^^^^^^^^^^^^^^
  File "C:\Python\Lib\site-packages\pandas\util\_decorators.py", line 333, in wrapper
    return func(*args, **kwargs)
  File "C:\Python\Lib\site-packages\pandas\core\generic.py", line 2417, in to_excel
    formatter.write(
    ~~~~~~~~~~~~~~~^
        excel_writer,
        ^^^^^^^^^^^^^
    ...<6 lines>...
        engine_kwargs=engine_kwargs,
        ^^^^^^^^^^^^^^^^^^^^^^^^^^^^
    )
    ^
  File "C:\Python\Lib\site-packages\pandas\io\formats\excel.py", line 943, in write
    writer = ExcelWriter(
        writer,
    ...<2 lines>...
        engine_kwargs=engine_kwargs,
    )
  File "C:\Python\Lib\site-packages\pandas\io\excel\_openpyxl.py", line 57, in __init__
    from openpyxl.workbook import Workbook
ModuleNotFoundError: No module named 'openpyxl'
ERROR:app:\u274c \u041e\u0448\u0438\u0431\u043a\u0430 \u043f\u0440\u0438 \u044d\u043a\u0441\u043f\u043e\u0440\u0442\u0435 \u0434\u0430\u043d\u043d\u044b\u0445
Traceback (most recent call last):
  File "C:\inetpub\wwwroot\Production\app.py", line 214, in export_excel
    df.to_excel(file_path, index=False)
    ~~~~~~~~~~~^^^^^^^^^^^^^^^^^^^^^^^^
  File "C:\Python\Lib\site-packages\pandas\util\_decorators.py", line 333, in wrapper
    return func(*args, **kwargs)
  File "C:\Python\Lib\site-packages\pandas\core\generic.py", line 2417, in to_excel
    formatter.write(
    ~~~~~~~~~~~~~~~^
        excel_writer,
        ^^^^^^^^^^^^^
    ...<6 lines>...
        engine_kwargs=engine_kwargs,
        ^^^^^^^^^^^^^^^^^^^^^^^^^^^^
    )
    ^
  File "C:\Python\Lib\site-packages\pandas\io\formats\excel.py", line 943, in write
    writer = ExcelWriter(
        writer,
    ...<2 lines>...
        engine_kwargs=engine_kwargs,
    )
  File "C:\Python\Lib\site-packages\pandas\io\excel\_openpyxl.py", line 57, in __init__
    from openpyxl.workbook import Workbook
ModuleNotFoundError: No module named 'openpyxl'
ERROR:app:\u274c \u041e\u0448\u0438\u0431\u043a\u0430 \u043f\u0440\u0438 \u044d\u043a\u0441\u043f\u043e\u0440\u0442\u0435 \u0434\u0430\u043d\u043d\u044b\u0445
Traceback (most recent call last):
  File "C:\inetpub\wwwroot\Production\app.py", line 214, in export_excel
    df.to_excel(file_path, index=False)
    ~~~~~~~~~~~^^^^^^^^^^^^^^^^^^^^^^^^
  File "C:\Python\Lib\site-packages\pandas\util\_decorators.py", line 333, in wrapper
    return func(*args, **kwargs)
  File "C:\Python\Lib\site-packages\pandas\core\generic.py", line 2417, in to_excel
    formatter.write(
    ~~~~~~~~~~~~~~~^
        excel_writer,
        ^^^^^^^^^^^^^
    ...<6 lines>...
        engine_kwargs=engine_kwargs,
        ^^^^^^^^^^^^^^^^^^^^^^^^^^^^
    )
    ^
  File "C:\Python\Lib\site-packages\pandas\io\formats\excel.py", line 943, in write
    writer = ExcelWriter(
        writer,
    ...<2 lines>...
        engine_kwargs=engine_kwargs,
    )
  File "C:\Python\Lib\site-packages\pandas\io\excel\_openpyxl.py", line 57, in __init__
    from openpyxl.workbook import Workbook
ModuleNotFoundError: No module named 'openpyxl'
ERROR:app:\u274c \u041e\u0448\u0438\u0431\u043a\u0430 \u043f\u0440\u0438 \u044d\u043a\u0441\u043f\u043e\u0440\u0442\u0435 \u0434\u0430\u043d\u043d\u044b\u0445
Traceback (most recent call last):
  File "C:\inetpub\wwwroot\Production\app.py", line 214, in export_excel
    df.to_excel(file_path, index=False)
    ~~~~~~~~~~~^^^^^^^^^^^^^^^^^^^^^^^^
  File "C:\Python\Lib\site-packages\pandas\util\_decorators.py", line 333, in wrapper
    return func(*args, **kwargs)
  File "C:\Python\Lib\site-packages\pandas\core\generic.py", line 2417, in to_excel
    formatter.write(
    ~~~~~~~~~~~~~~~^
        excel_writer,
        ^^^^^^^^^^^^^
    ...<6 lines>...
        engine_kwargs=engine_kwargs,
        ^^^^^^^^^^^^^^^^^^^^^^^^^^^^
    )
    ^
  File "C:\Python\Lib\site-packages\pandas\io\formats\excel.py", line 943, in write
    writer = ExcelWriter(
        writer,
    ...<2 lines>...
        engine_kwargs=engine_kwargs,
    )
  File "C:\Python\Lib\site-packages\pandas\io\excel\_openpyxl.py", line 57, in __init__
    from openpyxl.workbook import Workbook
ModuleNotFoundError: No module named 'openpyxl'
ERROR:app:\u274c \u041e\u0448\u0438\u0431\u043a\u0430 \u043f\u0440\u0438 \u044d\u043a\u0441\u043f\u043e\u0440\u0442\u0435 \u0434\u0430\u043d\u043d\u044b\u0445
Traceback (most recent call last):
  File "C:\inetpub\wwwroot\Production\app.py", line 214, in export_excel
    df.to_excel(file_path, index=False)
    ~~~~~~~~~~~^^^^^^^^^^^^^^^^^^^^^^^^
  File "C:\Python\Lib\site-packages\pandas\util\_decorators.py", line 333, in wrapper
    return func(*args, **kwargs)
  File "C:\Python\Lib\site-packages\pandas\core\generic.py", line 2417, in to_excel
    formatter.write(
    ~~~~~~~~~~~~~~~^
        excel_writer,
        ^^^^^^^^^^^^^
    ...<6 lines>...
        engine_kwargs=engine_kwargs,
        ^^^^^^^^^^^^^^^^^^^^^^^^^^^^
    )
    ^
  File "C:\Python\Lib\site-packages\pandas\io\formats\excel.py", line 943, in write
    writer = ExcelWriter(
        writer,
    ...<2 lines>...
        engine_kwargs=engine_kwargs,
    )
  File "C:\Python\Lib\site-packages\pandas\io\excel\_openpyxl.py", line 57, in __init__
    from openpyxl.workbook import Workbook
ModuleNotFoundError: No module named 'openpyxl'
INFO:werkzeug:[31m[1mWARNING: This is a development server. Do not use it in a production deployment. Use a production WSGI server instead.[0m
 * Running on http://127.0.0.1:5000
INFO:werkzeug:[33mPress CTRL+C to quit[0m
